<?xml version="1.0" encoding="UTF-8"?>
<testsuite xmlns:xsi="http://www.w3.org/2001/XMLSchema-instance" xsi:noNamespaceSchemaLocation="https://maven.apache.org/surefire/maven-surefire-plugin/xsd/surefire-test-report-3.0.xsd" version="3.0" name="algorithms.HeapSortTest" time="0.111" tests="5" errors="0" skipped="0" failures="0">
  <properties>
[...]
</properties>
  <testcase name="testSingleElement" classname="algorithms.HeapSortTest" time="0.01"/>
  <testcase name="testEmptyArray" classname="algorithms.HeapSortTest" time="0.0"/>
  <testcase name="testRandomArray" classname="algorithms.HeapSortTest" time="0.0"/>
  <testcase name="testReverseArray" classname="algorithms.HeapSortTest" time="0.0"/>
  <testcase name="testSortedArray" classname="algorithms.HeapSortTest" time="0.0"/>
</testsuite>